MISSING	"A Far Green Country"
MISSING	"A Far Green Country" (soundtrack)
MISSING	"Courage Is the Best Defense"
MISSING	"Don't Be Hasty Master Meriadoc!"
MISSING	"For Frodo"
MISSING	"Hobbit Dinner" in Rotterdam
MISSING	"My dear Ladies" 10 June 1971
MISSING	"Something Has Gone Crack"
MISSING	"The Battle for Middle-earth is About to Begin"
MISSING	"The Deep Breath Before the Plunge"
MISSING	"The Eagles are Coming!"
MISSING	"Where is the Horse and the Rider?"
MISSING	"burned dwarf"
MISSING	(a)ranya
MISSING	(h)lókë
MISSING	(i)on
MISSING	*
MISSING	? 1956
MISSING	? 28 May 1965
MISSING	The One Ring, Isildur's Bane
MISSING	The One Ring, Isildur's Bane (T)
MISSING	The One Ring, The Ruling Ring
MISSING	ÁLAK
MISSING	ÁLAT
MISSING	ÁLAT-
MISSING	ÁNAD
MISSING	ÁNAK
MISSING	ÁS-AT
MISSING	Árë
MISSING	Áre
MISSING	Áre Nuquerna
MISSING	Árië
MISSING	Árien
MISSING	Ármann Jakobsson
MISSING	Árpád Göncz
MISSING	Átaremma
MISSING	Åke Bertenstam
MISSING	Åke Jönsson
MISSING	Åke Ohlmarks
MISSING	Ælfwine Wídlást
MISSING	Ælfwine and Dírhaval
MISSING	Ælfwine of England
MISSING	Éadig
MISSING	Éadig Béo Þu!
MISSING	Éadwine (son of Óswine)
MISSING	Édouard Kloczko
MISSING	Éogan
MISSING	Éomer Éadig
MISSING	Éomund of Eastfold
MISSING	Éomund of Rohan
MISSING	Éomund of the Éothéod
MISSING	Éor
MISSING	Éoreds
MISSING	Éothain (movie character)
MISSING	Éowin
MISSING	Éowyn and the Witch-king
MISSING	Évar
MISSING	Êl
MISSING	Êru
MISSING	Ëa
MISSING	Ëala
MISSING	Ëalar
MISSING	Ëar
MISSING	Ëarendur
MISSING	Írien
MISSING	Írimon
MISSING	Íring
MISSING	Írissë
MISSING	Íwerin
MISSING	Îdh
MISSING	Îdh (word)
MISSING	În
MISSING	ÑGAW
MISSING	ÑGOL
MISSING	ÑGOLOD
MISSING	ÑGUR
MISSING	Ñalta
MISSING	Ñaltalma
MISSING	Ñaltariel
MISSING	Ñande
MISSING	Ñauro
MISSING	Ñguruk
MISSING	Ñolofinwë
MISSING	Ñolondil
MISSING	Ñorsus
MISSING	Ó-
MISSING	ÓROK
MISSING	Ódhellim
MISSING	Ódhil
MISSING	Óin (Son of Glóin)
MISSING	Óin (Son of Gróin)
MISSING	Óin (son of Glóin)
MISSING	Óin King of Durin's Folk
MISSING	Óin King of Durin’s Folk
MISSING	Óin son of Gróin
MISSING	Ólama
MISSING	Óli
MISSING	Óma
MISSING	Ónen
MISSING	Órë
MISSING	Óre
MISSING	Ósanwë
MISSING	Ósanwe
MISSING	Óswine (Prince of Gwar)
MISSING	Óswine (disambiguation)
MISSING	Óswine (grandfather of Ælfwine)
MISSING	Óswine (prince of Gwar)
MISSING	Ótr
MISSING	Ôl
MISSING	Ödesringen
MISSING	Öjevind Lång
MISSING	Öshül-küllösh
MISSING	Österreichische Tolkiengesellschaft
MISSING	Översättarens anmärkningar
MISSING	Ú
MISSING	Ú-
MISSING	Úamanyar
MISSING	Úlairi
MISSING	Úmarth
MISSING	Únótima
MISSING	Únat
MISSING	Únati
MISSING	Úner
MISSING	Úrë
MISSING	Úre
MISSING	Úrimë
MISSING	Úrion
MISSING	Úvë
MISSING	Úvanimo
MISSING	Úve
MISSING	Ûl
MISSING	Ûmor
MISSING	Ûrî
MISSING	Ûvatha
MISSING	Ýneg
MISSING	Þórsteinn Thorarensen
MISSING	Þúlë
MISSING	Þangahyando
MISSING	Þerindë
MISSING	Þindicollo
MISSING	Þorgils Saga ok Hafliða
MISSING	Þoron
MISSING	Þoronúmë
MISSING	Þorontar
MISSING	Þoronto
MISSING	Þorunahim
MISSING	Þuron
MISSING	Šárka Škorpíková
MISSING	Ūriʃ
MISSING	Ŷr
MISSING	Ȗr
MISSING	Ȝ
MISSING	Палантир
MISSING	Территория ИТ
MISSING	中华网游戏集团是
MISSING	엔에이치엔 주식회사
MISSING	-ë
MISSING	-ath
MISSING	-da
MISSING	-dil
MISSING	-dor
MISSING	-duinë
MISSING	-dur
MISSING	-e
MISSING	-enca
MISSING	-end
MISSING	-hai
MISSING	-i
MISSING	-ian
MISSING	-ian(d)
MISSING	-iand
MISSING	-iel
MISSING	-ielde
MISSING	-ien
MISSING	-il
MISSING	-ima
MISSING	-ina
MISSING	-inbar
MISSING	-inde
MISSING	-indo
MISSING	-inen
MISSING	-ing
MISSING	-ings
MISSING	-inqua
MISSING	-ion
MISSING	-issë
MISSING	-l
MISSING	-lë
MISSING	-lda
MISSING	-li
MISSING	-linnar
MISSING	-lion
MISSING	-llo
MISSING	-lma
MISSING	-lto
MISSING	-lva
MISSING	-lvo
MISSING	-lwa
MISSING	-lyë
MISSING	-lya